[2022-08-12T03:36:08.116] [ERROR] default - Error: No existe el token
    at isAuthenticated (file:///C:/Work%20Space/Proyecto%20Final/src/middlewares/auth.js:13:19)
    at Layer.handle [as handle_request] (C:\Work Space\Proyecto Final\node_modules\express\lib\router\layer.js:95:5)
    at next (C:\Work Space\Proyecto Final\node_modules\express\lib\router\route.js:144:13)
    at Route.dispatch (C:\Work Space\Proyecto Final\node_modules\express\lib\router\route.js:114:3)
    at Layer.handle [as handle_request] (C:\Work Space\Proyecto Final\node_modules\express\lib\router\layer.js:95:5)
    at C:\Work Space\Proyecto Final\node_modules\express\lib\router\index.js:284:15
    at Function.process_params (C:\Work Space\Proyecto Final\node_modules\express\lib\router\index.js:346:12)
    at next (C:\Work Space\Proyecto Final\node_modules\express\lib\router\index.js:280:10)
    at Function.handle (C:\Work Space\Proyecto Final\node_modules\express\lib\router\index.js:175:3)
    at router (C:\Work Space\Proyecto Final\node_modules\express\lib\router\index.js:47:12)
[2022-08-12T03:36:30.769] [ERROR] default - Contraseña incorrecta
[2022-08-12T03:36:30.770] [ERROR] default - Error: Contraseña incorrecta
    at loginUserServ (file:///C:/Work%20Space/Proyecto%20Final/src/services/users.service.js:28:15)
    at async loginUser (file:///C:/Work%20Space/Proyecto%20Final/src/controllers/users.controller.js:7:23)
[2022-08-12T04:21:39.022] [ERROR] default - Error: productos validation failed: id: Cast to string failed for value "Promise { 'be410f36f0577ff991bf' }" (type Promise) at path "id"
    at ValidationError.inspect (C:\Work Space\Proyecto Final\node_modules\mongoose\lib\error\validation.js:48:26)
    at formatValue (node:internal/util/inspect:782:19)
    at inspect (node:internal/util/inspect:347:10)
    at formatWithOptionsInternal (node:internal/util/inspect:2167:40)
    at Object.format (node:internal/util/inspect:2021:10)
    at basicLayout (C:\Work Space\Proyecto Final\node_modules\log4js\lib\layouts.js:65:52)
    at app (C:\Work Space\Proyecto Final\node_modules\log4js\lib\appenders\file.js:98:23)
    at C:\Work Space\Proyecto Final\node_modules\log4js\lib\appenders\logLevelFilter.js:10:7
    at C:\Work Space\Proyecto Final\node_modules\log4js\lib\log4js.js:43:5
    at Array.forEach (<anonymous>) {
  errors: {
    id: CastError: Cast to string failed for value "Promise { 'be410f36f0577ff991bf' }" (type Promise) at path "id"
        at SchemaString.cast (C:\Work Space\Proyecto Final\node_modules\mongoose\lib\schema\string.js:603:11)
        at model.<anonymous> (C:\Work Space\Proyecto Final\node_modules\mongoose\lib\schema\string.js:366:16)
        at SchemaString.SchemaType._applySetters (C:\Work Space\Proyecto Final\node_modules\mongoose\lib\schematype.js:1161:20)
        at SchemaString.SchemaType.applySetters (C:\Work Space\Proyecto Final\node_modules\mongoose\lib\schematype.js:1186:16)
        at model.$set (C:\Work Space\Proyecto Final\node_modules\mongoose\lib\document.js:1364:22)
        at model.$set (C:\Work Space\Proyecto Final\node_modules\mongoose\lib\document.js:1089:16)
        at model.Document (C:\Work Space\Proyecto Final\node_modules\mongoose\lib\document.js:166:12)
        at model.Model (C:\Work Space\Proyecto Final\node_modules\mongoose\lib\model.js:119:12)
        at new model (C:\Work Space\Proyecto Final\node_modules\mongoose\lib\model.js:4923:15)
        at DaoProductos.save (file:///C:/Work%20Space/Proyecto%20Final/src/daos/mongo.dao.js:29:29) {
      stringValue: `"Promise { 'be410f36f0577ff991bf' }"`,
      messageFormat: undefined,
      kind: 'string',
      value: [Promise],
      path: 'id',
      reason: null,
      valueType: 'Promise'
    }
  },
  _message: 'productos validation failed'
}
[2022-08-13T01:29:34.959] [ERROR] default - El usuario no existe
[2022-08-13T01:29:34.961] [ERROR] default - Error: El usuario no existe
    at loginUserServ (file:///C:/Work%20Space/Proyecto%20Final/src/services/users.service.js:30:15)
    at processTicksAndRejections (node:internal/process/task_queues:96:5)
    at async loginUser (file:///C:/Work%20Space/Proyecto%20Final/src/controllers/users.controller.js:8:23)
[2022-08-13T01:29:44.203] [ERROR] default - Debe subir una imagen antes de poder registrarse
[2022-08-13T01:29:44.204] [ERROR] default - Error: Debe subir una imagen antes de poder registrarse
    at registerUserServ (file:///C:/Work%20Space/Proyecto%20Final/src/services/users.service.js:54:15)
    at processTicksAndRejections (node:internal/process/task_queues:96:5)
    at async registerUser (file:///C:/Work%20Space/Proyecto%20Final/src/controllers/users.controller.js:21:22)
[2022-08-13T01:30:55.062] [ERROR] default - alyson.fritsch37@ethereal.email no esta autorizado
[2022-08-13T01:30:55.062] [ERROR] default - Error: alyson.fritsch37@ethereal.email no esta autorizado
    at isAdmin (file:///C:/Work%20Space/Proyecto%20Final/src/middlewares/auth.js:32:23)
    at Layer.handle [as handle_request] (C:\Work Space\Proyecto Final\node_modules\express\lib\router\layer.js:95:5)
    at next (C:\Work Space\Proyecto Final\node_modules\express\lib\router\route.js:144:13)
    at isAuthenticated (file:///C:/Work%20Space/Proyecto%20Final/src/middlewares/auth.js:13:20)
    at Layer.handle [as handle_request] (C:\Work Space\Proyecto Final\node_modules\express\lib\router\layer.js:95:5)
    at next (C:\Work Space\Proyecto Final\node_modules\express\lib\router\route.js:144:13)
    at Route.dispatch (C:\Work Space\Proyecto Final\node_modules\express\lib\router\route.js:114:3)
    at Layer.handle [as handle_request] (C:\Work Space\Proyecto Final\node_modules\express\lib\router\layer.js:95:5)
    at C:\Work Space\Proyecto Final\node_modules\express\lib\router\index.js:284:15
    at Function.process_params (C:\Work Space\Proyecto Final\node_modules\express\lib\router\index.js:346:12)
[2022-08-13T01:31:05.893] [ERROR] default - No existe el producto
[2022-08-13T01:31:05.893] [ERROR] default - Error: No existe el producto
    at addProdToShoppingcartServ (file:///C:/Work%20Space/Proyecto%20Final/src/services/shoppingcart.service.js:39:15)
    at processTicksAndRejections (node:internal/process/task_queues:96:5)
    at async addProdToShoppingcart (file:///C:/Work%20Space/Proyecto%20Final/src/controllers/shoppingcart.controller.js:21:9)
[2022-08-13T01:34:24.419] [ERROR] default - El email ya esta en uso
[2022-08-13T01:34:24.420] [ERROR] default - Error: El email ya esta en uso
    at registerUserServ (file:///C:/Work%20Space/Proyecto%20Final/src/services/users.service.js:54:15)
    at processTicksAndRejections (node:internal/process/task_queues:96:5)
    at async registerUser (file:///C:/Work%20Space/Proyecto%20Final/src/controllers/users.controller.js:21:22)
[2022-08-13T01:40:46.835] [ERROR] default - El email ya esta en uso
[2022-08-13T01:40:46.836] [ERROR] default - Error: El email ya esta en uso
    at registerUserServ (file:///C:/Work%20Space/Proyecto%20Final/src/services/users.service.js:54:15)
    at processTicksAndRejections (node:internal/process/task_queues:96:5)
    at async registerUser (file:///C:/Work%20Space/Proyecto%20Final/src/controllers/users.controller.js:21:22)
[2022-08-13T01:49:50.740] [ERROR] default - El usuario no existe
[2022-08-13T01:49:50.741] [ERROR] default - Error: El usuario no existe
    at loginUserServ (file:///C:/Work%20Space/Proyecto%20Final/src/services/users.service.js:30:15)
    at processTicksAndRejections (node:internal/process/task_queues:96:5)
    at async loginUser (file:///C:/Work%20Space/Proyecto%20Final/src/controllers/users.controller.js:8:23)
[2022-08-13T01:55:08.127] [ERROR] default - Su carrito esta vacio, debe agregar productos antes de generar una orden de compra
[2022-08-13T01:55:08.127] [ERROR] default - Error: Su carrito esta vacio, debe agregar productos antes de generar una orden de compra
    at addNewOrderServ (file:///C:/Work%20Space/Proyecto%20Final/src/services/orders.service.js:39:15)
    at processTicksAndRejections (node:internal/process/task_queues:96:5)
    at async addNewOrder (file:///C:/Work%20Space/Proyecto%20Final/src/controllers/orders.controller.js:21:23)
